<?xml version="1.0" encoding="UTF-8"?>
<testng-results skipped="0" failed="0" ignored="0" total="2" passed="2">
  <reporter-output>
  </reporter-output>
  <suite name="Default suite" duration-ms="2637" started-at="2020-05-16T13:41:17 EDT" finished-at="2020-05-16T13:41:20 EDT">
    <groups>
      <group name="putMethod">
        <method signature="Putmethod.putMet()[pri:1, instance:api.dgdgd.Putmethod@711f39f9]" name="putMet" class="api.dgdgd.Putmethod"/>
      </group> <!-- putMethod -->
      <group name="GetMethod">
        <method signature="Putmethod.getmet()[pri:2, instance:api.dgdgd.Putmethod@711f39f9]" name="getmet" class="api.dgdgd.Putmethod"/>
      </group> <!-- GetMethod -->
    </groups>
    <test name="Default test" duration-ms="2637" started-at="2020-05-16T13:41:17 EDT" finished-at="2020-05-16T13:41:20 EDT">
      <class name="api.dgdgd.Putmethod">
        <test-method status="PASS" signature="putMet()[pri:1, instance:api.dgdgd.Putmethod@711f39f9]" name="putMet" duration-ms="1944" started-at="2020-05-16T13:41:17 EDT" finished-at="2020-05-16T13:41:19 EDT">
          <reporter-output>
          </reporter-output>
        </test-method> <!-- putMet -->
        <test-method status="PASS" signature="getmet()[pri:2, instance:api.dgdgd.Putmethod@711f39f9]" name="getmet" duration-ms="649" started-at="2020-05-16T13:41:19 EDT" finished-at="2020-05-16T13:41:20 EDT">
          <reporter-output>
          </reporter-output>
        </test-method> <!-- getmet -->
      </class> <!-- api.dgdgd.Putmethod -->
    </test> <!-- Default test -->
  </suite> <!-- Default suite -->
</testng-results>
